<?xml version="1.0" encoding="UTF-8"?>
<!-- Generated by org.testng.reporters.JUnitReportReporter -->
<testsuite skipped="0" hostname="Mds-MacBook-Pro.home" name="com.bit.test.SmokeTest" tests="3" failures="0" timestamp="17 Apr 2020 05:48:33 GMT" time="39.450" errors="0">
  <testcase name="homePageloader" time="14.563" classname="com.bit.test.SmokeTest"/>
  <testcase name="eshopper2" time="13.329" classname="com.bit.test.SmokeTest"/>
  <testcase name="eshopper3" time="11.558" classname="com.bit.test.SmokeTest"/>
</testsuite> <!-- com.bit.test.SmokeTest -->
